[backalley.netlify.app/index.html]
[backblue.gif]
[fade.gif]
[index.html]
[backalley.netlify.app/favicon.0.delayed]
[me-qr.com/assets/css/material-kit.min3860.css]
[me-qr.com/assets/css/base-style.css]
[i.imgur.com/70gfn3h.png]
[cdn.me-qr.com/ListofLinks/48442.png]
[cdn.me-qr.com/ListofLinks/48444.png]
[backalley.netlify.app/assets/js/lazy.65e1f.delayed]
[backalley.netlify.app/index.html]
[backalley.netlify.app/favicon.html]
[me-qr.com/img/arrow-left.png]
[me-qr.com/img/arrow-right.png]
[me-qr.com/assets/css/material-kit.min3860.css]
[me-qr.com/assets/css/base-style.css]
[backalley.netlify.app/assets/js/lazy5e1f.html]
[me-qr.com/img/arrow-left.html]
[me-qr.com/img/arrow-right.html]
